<?xml version="1.0" encoding="UTF-8"?>
<!-- Generated by org.testng.reporters.JUnitXMLReporter -->
<testsuite hostname="DESKTOP-EH4BOQB" ignored="0" name="IT Bootcamp Zavrsni Projekat" tests="8" failures="2" timestamp="2022-10-13T21:47:32 CEST" time="94.969" errors="0">
  <testcase name="happyPath" time="3.662" classname="tests.TestLogInLogOut"/>
  <testcase name="happyPathLogOut" time="2.77" classname="tests.TestLogInLogOut">
    <failure type="java.lang.NullPointerException">
      <![CDATA[java.lang.NullPointerException
at pages.LogInPageAndLogOut.clickOnAccountPageBtnPopUpLogOut(LogInPageAndLogOut.java:100)
at tests.TestLogInLogOut.happyPathLogOut(TestLogInLogOut.java:81)
at java.util.ArrayList.forEach(ArrayList.java:1259)
at com.intellij.rt.testng.IDEARemoteTestNG.run(IDEARemoteTestNG.java:66)
at com.intellij.rt.testng.RemoteTestNGStarter.main(RemoteTestNGStarter.java:110)
... Removed 24 stack frames]]>
    </failure>
  </testcase> <!-- happyPathLogOut -->
  <testcase name="invalidCredentials" time="2.872" classname="tests.TestLogInLogOut"/>
  <testcase name="invalidCredentials" time="3.286" classname="tests.TestLogInLogOut"/>
  <testcase name="invalidCredentials" time="2.722" classname="tests.TestLogInLogOut"/>
  <testcase name="invalidCredentials" time="3.351" classname="tests.TestLogInLogOut"/>
  <testcase name="invalidCredentials" time="3.045" classname="tests.TestLogInLogOut"/>
  <testcase name="logInWithPoPUpScreen" time="0.001" classname="tests.TestLogInLogOut">
    <failure type="java.lang.NullPointerException">
      <![CDATA[java.lang.NullPointerException
at pages.LogInPageAndLogOut.clickOnAccountPageBtnPopUpLogIn(LogInPageAndLogOut.java:75)
at tests.TestLogInLogOut.logInWithPoPUpScreen(TestLogInLogOut.java:89)
at java.util.ArrayList.forEach(ArrayList.java:1259)
at com.intellij.rt.testng.IDEARemoteTestNG.run(IDEARemoteTestNG.java:66)
at com.intellij.rt.testng.RemoteTestNGStarter.main(RemoteTestNGStarter.java:110)
... Removed 24 stack frames]]>
    </failure>
  </testcase> <!-- logInWithPoPUpScreen -->
</testsuite> <!-- IT Bootcamp Zavrsni Projekat -->
