<?xml version="1.0" encoding="UTF-8"?>
<testng-results skipped="0" failed="2" ignored="0" total="8" passed="6">
  <reporter-output>
  </reporter-output>
  <suite name="Default Suite" duration-ms="94969" started-at="2022-10-13T21:45:57 CEST" finished-at="2022-10-13T21:47:32 CEST">
    <groups>
    </groups>
    <test name="IT Bootcamp Zavrsni Projekat" duration-ms="94969" started-at="2022-10-13T21:45:57 CEST" finished-at="2022-10-13T21:47:32 CEST">
      <class name="tests.TestLogInLogOut">
        <test-method status="PASS" signature="config()[pri:0, instance:tests.TestLogInLogOut@6737fd8f]" name="config" is-config="true" duration-ms="15725" started-at="2022-10-13T21:45:57 CEST" finished-at="2022-10-13T21:46:13 CEST">
          <reporter-output>
          </reporter-output>
        </test-method> <!-- config -->
        <test-method status="PASS" signature="happyPath()[pri:0, instance:tests.TestLogInLogOut@6737fd8f]" name="happyPath" duration-ms="3662" started-at="2022-10-13T21:46:13 CEST" finished-at="2022-10-13T21:46:17 CEST">
          <reporter-output>
          </reporter-output>
        </test-method> <!-- happyPath -->
        <test-method status="PASS" signature="closeWebDriver()[pri:0, instance:tests.TestLogInLogOut@6737fd8f]" name="closeWebDriver" is-config="true" duration-ms="319" started-at="2022-10-13T21:46:17 CEST" finished-at="2022-10-13T21:46:17 CEST">
          <reporter-output>
          </reporter-output>
        </test-method> <!-- closeWebDriver -->
        <test-method status="PASS" signature="config()[pri:0, instance:tests.TestLogInLogOut@6737fd8f]" name="config" is-config="true" duration-ms="8478" started-at="2022-10-13T21:46:17 CEST" finished-at="2022-10-13T21:46:25 CEST">
          <reporter-output>
          </reporter-output>
        </test-method> <!-- config -->
        <test-method status="FAIL" signature="happyPathLogOut()[pri:0, instance:tests.TestLogInLogOut@6737fd8f]" name="happyPathLogOut" duration-ms="2770" started-at="2022-10-13T21:46:25 CEST" finished-at="2022-10-13T21:46:28 CEST">
          <exception class="java.lang.NullPointerException">
            <full-stacktrace>
              <![CDATA[java.lang.NullPointerException
at pages.LogInPageAndLogOut.clickOnAccountPageBtnPopUpLogOut(LogInPageAndLogOut.java:100)
at tests.TestLogInLogOut.happyPathLogOut(TestLogInLogOut.java:81)
at sun.reflect.NativeMethodAccessorImpl.invoke0(Native Method)
at sun.reflect.NativeMethodAccessorImpl.invoke(NativeMethodAccessorImpl.java:62)
at sun.reflect.DelegatingMethodAccessorImpl.invoke(DelegatingMethodAccessorImpl.java:43)
at java.lang.reflect.Method.invoke(Method.java:498)
at org.testng.internal.invokers.MethodInvocationHelper.invokeMethod(MethodInvocationHelper.java:135)
at org.testng.internal.invokers.TestInvoker.invokeMethod(TestInvoker.java:673)
at org.testng.internal.invokers.TestInvoker.invokeTestMethod(TestInvoker.java:220)
at org.testng.internal.invokers.MethodRunner.runInSequence(MethodRunner.java:50)
at org.testng.internal.invokers.TestInvoker$MethodInvocationAgent.invoke(TestInvoker.java:945)
at org.testng.internal.invokers.TestInvoker.invokeTestMethods(TestInvoker.java:193)
at org.testng.internal.invokers.TestMethodWorker.invokeTestMethods(TestMethodWorker.java:146)
at org.testng.internal.invokers.TestMethodWorker.run(TestMethodWorker.java:128)
at java.util.ArrayList.forEach(ArrayList.java:1259)
at org.testng.TestRunner.privateRun(TestRunner.java:808)
at org.testng.TestRunner.run(TestRunner.java:603)
at org.testng.SuiteRunner.runTest(SuiteRunner.java:429)
at org.testng.SuiteRunner.runSequentially(SuiteRunner.java:423)
at org.testng.SuiteRunner.privateRun(SuiteRunner.java:383)
at org.testng.SuiteRunner.run(SuiteRunner.java:326)
at org.testng.SuiteRunnerWorker.runSuite(SuiteRunnerWorker.java:52)
at org.testng.SuiteRunnerWorker.run(SuiteRunnerWorker.java:95)
at org.testng.TestNG.runSuitesSequentially(TestNG.java:1249)
at org.testng.TestNG.runSuitesLocally(TestNG.java:1169)
at org.testng.TestNG.runSuites(TestNG.java:1092)
at org.testng.TestNG.run(TestNG.java:1060)
at com.intellij.rt.testng.IDEARemoteTestNG.run(IDEARemoteTestNG.java:66)
at com.intellij.rt.testng.RemoteTestNGStarter.main(RemoteTestNGStarter.java:110)
]]>
            </full-stacktrace>
          </exception> <!-- java.lang.NullPointerException -->
          <reporter-output>
          </reporter-output>
        </test-method> <!-- happyPathLogOut -->
        <test-method status="PASS" signature="closeWebDriver()[pri:0, instance:tests.TestLogInLogOut@6737fd8f]" name="closeWebDriver" is-config="true" duration-ms="425" started-at="2022-10-13T21:46:28 CEST" finished-at="2022-10-13T21:46:29 CEST">
          <reporter-output>
          </reporter-output>
        </test-method> <!-- closeWebDriver -->
        <test-method status="PASS" signature="config()[pri:0, instance:tests.TestLogInLogOut@6737fd8f]" name="config" is-config="true" duration-ms="7265" started-at="2022-10-13T21:46:29 CEST" finished-at="2022-10-13T21:46:36 CEST">
          <reporter-output>
          </reporter-output>
        </test-method> <!-- config -->
        <test-method status="PASS" signature="invalidCredentials(java.lang.String,java.lang.String)[pri:0, instance:tests.TestLogInLogOut@6737fd8f]" name="invalidCredentials" duration-ms="2872" started-at="2022-10-13T21:46:36 CEST" data-provider="invalidUserCredentials" finished-at="2022-10-13T21:46:39 CEST">
          <params>
            <param index="0">
              <value>
                <![CDATA[]]>
              </value>
            </param>
            <param index="1">
              <value>
                <![CDATA[]]>
              </value>
            </param>
          </params>
          <reporter-output>
          </reporter-output>
        </test-method> <!-- invalidCredentials -->
        <test-method status="PASS" signature="closeWebDriver()[pri:0, instance:tests.TestLogInLogOut@6737fd8f]" name="closeWebDriver" is-config="true" duration-ms="238" started-at="2022-10-13T21:46:39 CEST" finished-at="2022-10-13T21:46:39 CEST">
          <reporter-output>
          </reporter-output>
        </test-method> <!-- closeWebDriver -->
        <test-method status="PASS" signature="config()[pri:0, instance:tests.TestLogInLogOut@6737fd8f]" name="config" is-config="true" duration-ms="7629" started-at="2022-10-13T21:46:39 CEST" finished-at="2022-10-13T21:46:47 CEST">
          <reporter-output>
          </reporter-output>
        </test-method> <!-- config -->
        <test-method status="PASS" signature="invalidCredentials(java.lang.String,java.lang.String)[pri:0, instance:tests.TestLogInLogOut@6737fd8f]" name="invalidCredentials" duration-ms="3286" started-at="2022-10-13T21:46:47 CEST" data-provider="invalidUserCredentials" finished-at="2022-10-13T21:46:50 CEST">
          <params>
            <param index="0">
              <value>
                <![CDATA[]]>
              </value>
            </param>
            <param index="1">
              <value>
                <![CDATA[1234]]>
              </value>
            </param>
          </params>
          <reporter-output>
          </reporter-output>
        </test-method> <!-- invalidCredentials -->
        <test-method status="PASS" signature="closeWebDriver()[pri:0, instance:tests.TestLogInLogOut@6737fd8f]" name="closeWebDriver" is-config="true" duration-ms="280" started-at="2022-10-13T21:46:50 CEST" finished-at="2022-10-13T21:46:50 CEST">
          <reporter-output>
          </reporter-output>
        </test-method> <!-- closeWebDriver -->
        <test-method status="PASS" signature="config()[pri:0, instance:tests.TestLogInLogOut@6737fd8f]" name="config" is-config="true" duration-ms="8889" started-at="2022-10-13T21:46:50 CEST" finished-at="2022-10-13T21:46:59 CEST">
          <reporter-output>
          </reporter-output>
        </test-method> <!-- config -->
        <test-method status="PASS" signature="invalidCredentials(java.lang.String,java.lang.String)[pri:0, instance:tests.TestLogInLogOut@6737fd8f]" name="invalidCredentials" duration-ms="2722" started-at="2022-10-13T21:46:59 CEST" data-provider="invalidUserCredentials" finished-at="2022-10-13T21:47:02 CEST">
          <params>
            <param index="0">
              <value>
                <![CDATA[oralee24@lmaritimen.com]]>
              </value>
            </param>
            <param index="1">
              <value>
                <![CDATA[]]>
              </value>
            </param>
          </params>
          <reporter-output>
          </reporter-output>
        </test-method> <!-- invalidCredentials -->
        <test-method status="PASS" signature="closeWebDriver()[pri:0, instance:tests.TestLogInLogOut@6737fd8f]" name="closeWebDriver" is-config="true" duration-ms="227" started-at="2022-10-13T21:47:02 CEST" finished-at="2022-10-13T21:47:02 CEST">
          <reporter-output>
          </reporter-output>
        </test-method> <!-- closeWebDriver -->
        <test-method status="PASS" signature="config()[pri:0, instance:tests.TestLogInLogOut@6737fd8f]" name="config" is-config="true" duration-ms="7369" started-at="2022-10-13T21:47:02 CEST" finished-at="2022-10-13T21:47:09 CEST">
          <reporter-output>
          </reporter-output>
        </test-method> <!-- config -->
        <test-method status="PASS" signature="invalidCredentials(java.lang.String,java.lang.String)[pri:0, instance:tests.TestLogInLogOut@6737fd8f]" name="invalidCredentials" duration-ms="3351" started-at="2022-10-13T21:47:09 CEST" data-provider="invalidUserCredentials" finished-at="2022-10-13T21:47:13 CEST">
          <params>
            <param index="0">
              <value>
                <![CDATA[oralee24lmaritimen.com]]>
              </value>
            </param>
            <param index="1">
              <value>
                <![CDATA[1234]]>
              </value>
            </param>
          </params>
          <reporter-output>
          </reporter-output>
        </test-method> <!-- invalidCredentials -->
        <test-method status="PASS" signature="closeWebDriver()[pri:0, instance:tests.TestLogInLogOut@6737fd8f]" name="closeWebDriver" is-config="true" duration-ms="260" started-at="2022-10-13T21:47:13 CEST" finished-at="2022-10-13T21:47:13 CEST">
          <reporter-output>
          </reporter-output>
        </test-method> <!-- closeWebDriver -->
        <test-method status="PASS" signature="config()[pri:0, instance:tests.TestLogInLogOut@6737fd8f]" name="config" is-config="true" duration-ms="7969" started-at="2022-10-13T21:47:13 CEST" finished-at="2022-10-13T21:47:21 CEST">
          <reporter-output>
          </reporter-output>
        </test-method> <!-- config -->
        <test-method status="PASS" signature="invalidCredentials(java.lang.String,java.lang.String)[pri:0, instance:tests.TestLogInLogOut@6737fd8f]" name="invalidCredentials" duration-ms="3045" started-at="2022-10-13T21:47:21 CEST" data-provider="invalidUserCredentials" finished-at="2022-10-13T21:47:24 CEST">
          <params>
            <param index="0">
              <value>
                <![CDATA[oralee24@lmaritimen.com]]>
              </value>
            </param>
            <param index="1">
              <value>
                <![CDATA[124]]>
              </value>
            </param>
          </params>
          <reporter-output>
          </reporter-output>
        </test-method> <!-- invalidCredentials -->
        <test-method status="PASS" signature="closeWebDriver()[pri:0, instance:tests.TestLogInLogOut@6737fd8f]" name="closeWebDriver" is-config="true" duration-ms="327" started-at="2022-10-13T21:47:24 CEST" finished-at="2022-10-13T21:47:24 CEST">
          <reporter-output>
          </reporter-output>
        </test-method> <!-- closeWebDriver -->
        <test-method status="PASS" signature="config()[pri:0, instance:tests.TestLogInLogOut@6737fd8f]" name="config" is-config="true" duration-ms="7374" started-at="2022-10-13T21:47:24 CEST" finished-at="2022-10-13T21:47:32 CEST">
          <reporter-output>
          </reporter-output>
        </test-method> <!-- config -->
        <test-method status="FAIL" signature="logInWithPoPUpScreen()[pri:0, instance:tests.TestLogInLogOut@6737fd8f]" name="logInWithPoPUpScreen" duration-ms="1" started-at="2022-10-13T21:47:32 CEST" finished-at="2022-10-13T21:47:32 CEST">
          <exception class="java.lang.NullPointerException">
            <full-stacktrace>
              <![CDATA[java.lang.NullPointerException
at pages.LogInPageAndLogOut.clickOnAccountPageBtnPopUpLogIn(LogInPageAndLogOut.java:75)
at tests.TestLogInLogOut.logInWithPoPUpScreen(TestLogInLogOut.java:89)
at sun.reflect.NativeMethodAccessorImpl.invoke0(Native Method)
at sun.reflect.NativeMethodAccessorImpl.invoke(NativeMethodAccessorImpl.java:62)
at sun.reflect.DelegatingMethodAccessorImpl.invoke(DelegatingMethodAccessorImpl.java:43)
at java.lang.reflect.Method.invoke(Method.java:498)
at org.testng.internal.invokers.MethodInvocationHelper.invokeMethod(MethodInvocationHelper.java:135)
at org.testng.internal.invokers.TestInvoker.invokeMethod(TestInvoker.java:673)
at org.testng.internal.invokers.TestInvoker.invokeTestMethod(TestInvoker.java:220)
at org.testng.internal.invokers.MethodRunner.runInSequence(MethodRunner.java:50)
at org.testng.internal.invokers.TestInvoker$MethodInvocationAgent.invoke(TestInvoker.java:945)
at org.testng.internal.invokers.TestInvoker.invokeTestMethods(TestInvoker.java:193)
at org.testng.internal.invokers.TestMethodWorker.invokeTestMethods(TestMethodWorker.java:146)
at org.testng.internal.invokers.TestMethodWorker.run(TestMethodWorker.java:128)
at java.util.ArrayList.forEach(ArrayList.java:1259)
at org.testng.TestRunner.privateRun(TestRunner.java:808)
at org.testng.TestRunner.run(TestRunner.java:603)
at org.testng.SuiteRunner.runTest(SuiteRunner.java:429)
at org.testng.SuiteRunner.runSequentially(SuiteRunner.java:423)
at org.testng.SuiteRunner.privateRun(SuiteRunner.java:383)
at org.testng.SuiteRunner.run(SuiteRunner.java:326)
at org.testng.SuiteRunnerWorker.runSuite(SuiteRunnerWorker.java:52)
at org.testng.SuiteRunnerWorker.run(SuiteRunnerWorker.java:95)
at org.testng.TestNG.runSuitesSequentially(TestNG.java:1249)
at org.testng.TestNG.runSuitesLocally(TestNG.java:1169)
at org.testng.TestNG.runSuites(TestNG.java:1092)
at org.testng.TestNG.run(TestNG.java:1060)
at com.intellij.rt.testng.IDEARemoteTestNG.run(IDEARemoteTestNG.java:66)
at com.intellij.rt.testng.RemoteTestNGStarter.main(RemoteTestNGStarter.java:110)
]]>
            </full-stacktrace>
          </exception> <!-- java.lang.NullPointerException -->
          <reporter-output>
          </reporter-output>
        </test-method> <!-- logInWithPoPUpScreen -->
        <test-method status="PASS" signature="closeWebDriver()[pri:0, instance:tests.TestLogInLogOut@6737fd8f]" name="closeWebDriver" is-config="true" duration-ms="282" started-at="2022-10-13T21:47:32 CEST" finished-at="2022-10-13T21:47:32 CEST">
          <reporter-output>
          </reporter-output>
        </test-method> <!-- closeWebDriver -->
      </class> <!-- tests.TestLogInLogOut -->
    </test> <!-- IT Bootcamp Zavrsni Projekat -->
  </suite> <!-- Default Suite -->
</testng-results>
